<?xml version="1.0" encoding="UTF-8"?>
<!-- Generated by org.testng.reporters.JUnitReportReporter -->
<testsuite hostname="Prashant-PC" name="tests.TestLoginPage" tests="1" failures="0" timestamp="10 Apr 2016 18:39:50 GMT" time="17.638" errors="0">
  <testcase name="loginTest" time="17.638" classname="tests.TestLoginPage"/>
</testsuite> <!-- tests.TestLoginPage -->
