<?xml version="1.0" encoding="UTF-8"?>
<!-- Generated by org.testng.reporters.JUnitReportReporter -->
<testsuite hostname="Prashant-PC" name="tests.TestBookingTicket" tests="2" failures="0" timestamp="13 Mar 2016 15:28:46 GMT" time="52.355" errors="0">
  <testcase name="payementtest" time="7.797" classname="tests.TestBookingTicket"/>
  <testcase name="bookingTickettest" time="44.558" classname="tests.TestBookingTicket"/>
</testsuite> <!-- tests.TestBookingTicket -->
